{
  "RSpec": {
    "coverage": {
      "/Users/wonderland/Turing/3module/Projects/Rails_Engine/rails_engine/spec/models/customer_spec.rb": [
        1,
        null,
        1,
        1,
        1,
        null,
        1,
        null,
        null
      ],
      "/Users/wonderland/Turing/3module/Projects/Rails_Engine/rails_engine/spec/rails_helper.rb": [
        null,
        1,
        1,
        null,
        1,
        1,
        1,
        1,
        null,
        null,
        null,
        null,
        null,
        null,
        null,
        null,
        null,
        null,
        null,
        null,
        null,
        null,
        null,
        null,
        null,
        null,
        null,
        1,
        null,
        1,
        null,
        1,
        null,
        null,
        null,
        null,
        1,
        null,
        null,
        null,
        null,
        null,
        null,
        null,
        null,
        null,
        null,
        null,
        null,
        null,
        null,
        1,
        null,
        null,
        1,
        null,
        null,
        null
      ],
      "/Users/wonderland/Turing/3module/Projects/Rails_Engine/rails_engine/config/environment.rb": [
        null,
        1,
        null,
        null,
        1
      ],
      "/Users/wonderland/Turing/3module/Projects/Rails_Engine/rails_engine/config/application.rb": [
        1,
        null,
        1,
        null,
        1,
        1,
        1,
        1,
        1,
        1,
        1,
        null,
        null,
        null,
        null,
        null,
        1,
        null,
        1,
        1,
        null,
        null,
        null,
        null,
        null,
        null,
        null,
        1,
        null,
        null
      ],
      "/Users/wonderland/Turing/3module/Projects/Rails_Engine/rails_engine/config/boot.rb": [
        1,
        null,
        1
      ],
      "/Users/wonderland/Turing/3module/Projects/Rails_Engine/rails_engine/config/environments/test.rb": [
        1,
        null,
        null,
        null,
        null,
        null,
        null,
        1,
        null,
        null,
        null,
        null,
        1,
        null,
        null,
        1,
        1,
        null,
        null,
        null,
        null,
        1,
        1,
        null,
        null,
        1,
        null,
        null,
        1,
        1,
        null,
        null,
        null,
        null,
        1,
        null,
        null,
        1,
        null,
        null,
        null,
        null
      ],
      "/Users/wonderland/Turing/3module/Projects/Rails_Engine/rails_engine/config/initializers/application_controller_renderer.rb": [
        null,
        null,
        null,
        null,
        null,
        null
      ],
      "/Users/wonderland/Turing/3module/Projects/Rails_Engine/rails_engine/config/initializers/backtrace_silencers.rb": [
        null,
        null,
        null,
        null,
        null,
        null,
        null
      ],
      "/Users/wonderland/Turing/3module/Projects/Rails_Engine/rails_engine/config/initializers/cors.rb": [
        null,
        null,
        null,
        null,
        null,
        null,
        null,
        null,
        null,
        null,
        null,
        null,
        null,
        null,
        null,
        null
      ],
      "/Users/wonderland/Turing/3module/Projects/Rails_Engine/rails_engine/config/initializers/filter_parameter_logging.rb": [
        null,
        null,
        null,
        1
      ],
      "/Users/wonderland/Turing/3module/Projects/Rails_Engine/rails_engine/config/initializers/inflections.rb": [
        null,
        null,
        null,
        null,
        null,
        null,
        null,
        null,
        null,
        null,
        null,
        null,
        null,
        null,
        null,
        null
      ],
      "/Users/wonderland/Turing/3module/Projects/Rails_Engine/rails_engine/config/initializers/mime_types.rb": [
        null,
        null,
        null,
        null
      ],
      "/Users/wonderland/Turing/3module/Projects/Rails_Engine/rails_engine/config/initializers/new_framework_defaults.rb": [
        null,
        null,
        null,
        null,
        null,
        null,
        null,
        null,
        1,
        null,
        null,
        1,
        null,
        null,
        1,
        null,
        null,
        1
      ],
      "/Users/wonderland/Turing/3module/Projects/Rails_Engine/rails_engine/config/initializers/wrap_parameters.rb": [
        null,
        null,
        null,
        null,
        null,
        null,
        1,
        2,
        null,
        null,
        null,
        null,
        null,
        null
      ],
      "/Users/wonderland/Turing/3module/Projects/Rails_Engine/rails_engine/spec/factories/customers.rb": [
        1,
        1,
        1,
        1,
        null,
        null
      ],
      "/Users/wonderland/Turing/3module/Projects/Rails_Engine/rails_engine/spec/factories/invoice_items.rb": [
        1,
        1,
        1,
        1,
        1,
        1,
        null,
        null
      ],
      "/Users/wonderland/Turing/3module/Projects/Rails_Engine/rails_engine/spec/factories/invoices.rb": [
        1,
        1,
        1,
        1,
        1,
        null,
        null
      ],
      "/Users/wonderland/Turing/3module/Projects/Rails_Engine/rails_engine/spec/factories/items.rb": [
        1,
        1,
        1,
        1,
        1,
        1,
        null,
        null
      ],
      "/Users/wonderland/Turing/3module/Projects/Rails_Engine/rails_engine/app/models/merchant.rb": [
        1,
        1,
        1,
        null,
        1,
        0,
        null,
        null,
        1,
        0,
        null,
        null,
        1,
        null,
        null,
        null,
        1,
        null,
        null,
        1,
        null,
        null,
        null,
        1,
        null,
        null,
        1,
        0,
        null,
        null
      ],
      "/Users/wonderland/Turing/3module/Projects/Rails_Engine/rails_engine/app/models/application_record.rb": [
        1,
        1,
        null,
        1,
        33,
        null,
        null,
        1,
        30,
        null,
        null,
        1,
        6,
        null,
        null,
        1,
        null,
        null,
        2,
        null,
        2,
        null,
        2,
        null,
        2,
        null,
        12,
        null,
        12,
        63,
        63,
        null,
        null
      ],
      "/Users/wonderland/Turing/3module/Projects/Rails_Engine/rails_engine/spec/factories/merchants.rb": [
        1,
        1,
        1,
        null,
        null
      ],
      "/Users/wonderland/Turing/3module/Projects/Rails_Engine/rails_engine/spec/factories/transactions.rb": [
        1,
        1,
        1,
        1,
        1,
        1,
        null,
        null
      ],
      "/Users/wonderland/Turing/3module/Projects/Rails_Engine/rails_engine/config/routes.rb": [
        1,
        1,
        1,
        1,
        null,
        1,
        1,
        1,
        null,
        1,
        1,
        1,
        1,
        1,
        null,
        1,
        1,
        null,
        null,
        1,
        null,
        null,
        1,
        1,
        1,
        1,
        1,
        null,
        1,
        1,
        1,
        1,
        1,
        null,
        null,
        1,
        null,
        null,
        1,
        1,
        1,
        1,
        1,
        null,
        1,
        1,
        null,
        null,
        1,
        null,
        1,
        null,
        1,
        1,
        1,
        1,
        1,
        null,
        1,
        1,
        null,
        null,
        1,
        null,
        null,
        1,
        1,
        1,
        1,
        1,
        null,
        1,
        null,
        null,
        1,
        null,
        null,
        1,
        1,
        1,
        1,
        1,
        null,
        1,
        1,
        null,
        null,
        null,
        null
      ],
      "/Users/wonderland/Turing/3module/Projects/Rails_Engine/rails_engine/spec/support/factory_girl.rb": [
        1,
        1,
        null
      ],
      "/Users/wonderland/Turing/3module/Projects/Rails_Engine/rails_engine/app/models/customer.rb": [
        1,
        1,
        1,
        1,
        null,
        1,
        1,
        null,
        null,
        1,
        1,
        null,
        null
      ],
      "/Users/wonderland/Turing/3module/Projects/Rails_Engine/rails_engine/spec/models/invoice_item_spec.rb": [
        1,
        null,
        1,
        1,
        1,
        1,
        null,
        1,
        null,
        null,
        1,
        1,
        null,
        1,
        null,
        null,
        null
      ],
      "/Users/wonderland/Turing/3module/Projects/Rails_Engine/rails_engine/app/models/invoice_item.rb": [
        1,
        1,
        1,
        null
      ],
      "/Users/wonderland/Turing/3module/Projects/Rails_Engine/rails_engine/spec/models/invoice_spec.rb": [
        1,
        null,
        1,
        1,
        1,
        1,
        null,
        1,
        null,
        null,
        1,
        1,
        null,
        1,
        null,
        null,
        1,
        1,
        null,
        1,
        null,
        null,
        1,
        1,
        null,
        1,
        null,
        null,
        null
      ],
      "/Users/wonderland/Turing/3module/Projects/Rails_Engine/rails_engine/app/models/invoice.rb": [
        1,
        1,
        1,
        1,
        1,
        1,
        null
      ],
      "/Users/wonderland/Turing/3module/Projects/Rails_Engine/rails_engine/spec/models/item_spec.rb": [
        1,
        null,
        1,
        1,
        1,
        1,
        null,
        1,
        null,
        null,
        1,
        1,
        null,
        1,
        null,
        null,
        1,
        1,
        null,
        1,
        null,
        null,
        null
      ],
      "/Users/wonderland/Turing/3module/Projects/Rails_Engine/rails_engine/app/models/item.rb": [
        1,
        1,
        1,
        1,
        1,
        1,
        null,
        null,
        1,
        null,
        null,
        null,
        null,
        1,
        null,
        null
      ],
      "/Users/wonderland/Turing/3module/Projects/Rails_Engine/rails_engine/spec/models/merchant_spec.rb": [
        1,
        null,
        1,
        1,
        1,
        null,
        1,
        null,
        null,
        1,
        1,
        null,
        1,
        null,
        null
      ],
      "/Users/wonderland/Turing/3module/Projects/Rails_Engine/rails_engine/spec/models/transaction_spec.rb": [
        1,
        null,
        1,
        1,
        1,
        null,
        1,
        null,
        null
      ],
      "/Users/wonderland/Turing/3module/Projects/Rails_Engine/rails_engine/app/models/transaction.rb": [
        1,
        1,
        null,
        1,
        1,
        null,
        null
      ],
      "/Users/wonderland/Turing/3module/Projects/Rails_Engine/rails_engine/spec/requests/api/v1/customers/customer_business_spec.rb": [
        1,
        null,
        1,
        null,
        null
      ],
      "/Users/wonderland/Turing/3module/Projects/Rails_Engine/rails_engine/spec/requests/api/v1/customers/customer_record_spec.rb": [
        1,
        null,
        1,
        1,
        1,
        1,
        null,
        1,
        null,
        null,
        1,
        1,
        1,
        null,
        1,
        null,
        null,
        1,
        1,
        1,
        1,
        null,
        1,
        1,
        null,
        null,
        1,
        1,
        1,
        1,
        null,
        1,
        1,
        null,
        null,
        1,
        1,
        1,
        1,
        null,
        1,
        1,
        null,
        null,
        1,
        1,
        null,
        1,
        1,
        null,
        1,
        1,
        null,
        null,
        1,
        1,
        null,
        1,
        1,
        null,
        1,
        1,
        null,
        null,
        1,
        1,
        1,
        1,
        1,
        null,
        1,
        1,
        1,
        null,
        null,
        1,
        1,
        1,
        1,
        1,
        null,
        1,
        1,
        1,
        null,
        null,
        1,
        1,
        null,
        null,
        1,
        null,
        1,
        1,
        null,
        1,
        1,
        1,
        null,
        null,
        1,
        1,
        null,
        null,
        1,
        null,
        1,
        1,
        null,
        1,
        1,
        1,
        null,
        null,
        1,
        1,
        1,
        1,
        null,
        null,
        1,
        1,
        null,
        1,
        1,
        1,
        null,
        1,
        null,
        null
      ],
      "/Users/wonderland/Turing/3module/Projects/Rails_Engine/rails_engine/spec/requests/api/v1/customers/customer_relationships_spec.rb": [
        1,
        null,
        1,
        1,
        1,
        1,
        1,
        1,
        null,
        1,
        null,
        1,
        null,
        1,
        1,
        1,
        1,
        null,
        null,
        null,
        1,
        1,
        1,
        1,
        1,
        null,
        1,
        null,
        1,
        null,
        1,
        null,
        1,
        1,
        null,
        null
      ],
      "/Users/wonderland/Turing/3module/Projects/Rails_Engine/rails_engine/spec/requests/api/v1/invoice_items/invoice_item_business_spec.rb": [
        1,
        null,
        1,
        null,
        null
      ],
      "/Users/wonderland/Turing/3module/Projects/Rails_Engine/rails_engine/spec/requests/api/v1/invoice_items/invoice_items_record_spec.rb": [
        1,
        null,
        1,
        1,
        1,
        null,
        1,
        null,
        1,
        null,
        1,
        null,
        1,
        null,
        null,
        1,
        1,
        null,
        1,
        null,
        1,
        null,
        1,
        null,
        1,
        1,
        1,
        1,
        1,
        null,
        null,
        1,
        1,
        null,
        1,
        null,
        1,
        null,
        1,
        null,
        1,
        null,
        null,
        1,
        1,
        null,
        1,
        null,
        1,
        null,
        1,
        null,
        1,
        null,
        null,
        1,
        1,
        null,
        1,
        null,
        1,
        null,
        1,
        null,
        1,
        null,
        null,
        1,
        1,
        null,
        1,
        null,
        1,
        null,
        1,
        null,
        1,
        null,
        null,
        1,
        1,
        null,
        1,
        null,
        1,
        null,
        1,
        null,
        1,
        null,
        null,
        1,
        1,
        null,
        null,
        1,
        null,
        1,
        null,
        1,
        null,
        1,
        null,
        null,
        1,
        1,
        null,
        null,
        1,
        null,
        1,
        null,
        1,
        null,
        1,
        null,
        null,
        1,
        1,
        1,
        null,
        null,
        1,
        null,
        1,
        null,
        1,
        1,
        1,
        1,
        1,
        1,
        null,
        null,
        1,
        1,
        1,
        null,
        1,
        null,
        null,
        1,
        null,
        1,
        null,
        1,
        1,
        1,
        1,
        null,
        null,
        1,
        1,
        1,
        null,
        1,
        null,
        null,
        1,
        null,
        1,
        null,
        1,
        1,
        1,
        1,
        null,
        null,
        1,
        1,
        null,
        1,
        null,
        null,
        1,
        null,
        1,
        null,
        1,
        1,
        1,
        1,
        null,
        null,
        1,
        1,
        null,
        null,
        1,
        null,
        null,
        null,
        null,
        1,
        null,
        1,
        null,
        1,
        1,
        1,
        1,
        null,
        null,
        1,
        1,
        null,
        null,
        1,
        null,
        null,
        null,
        null,
        1,
        null,
        1,
        null,
        1,
        1,
        1,
        1,
        null,
        null,
        1,
        1,
        null,
        1,
        null,
        null,
        1,
        null,
        1,
        null,
        1,
        1,
        1,
        1,
        null,
        null
      ],
      "/Users/wonderland/Turing/3module/Projects/Rails_Engine/rails_engine/spec/requests/api/v1/invoice_items/invoice_items_relationship_spec.rb": [
        1,
        null,
        1,
        1,
        1,
        1,
        1,
        1,
        null,
        1,
        1,
        null,
        null,
        1,
        1,
        1,
        1,
        1,
        null,
        1,
        1,
        null,
        null
      ],
      "/Users/wonderland/Turing/3module/Projects/Rails_Engine/rails_engine/spec/requests/api/v1/invoices/invoice_business_spec.rb": [
        1,
        null,
        1,
        null,
        null
      ],
      "/Users/wonderland/Turing/3module/Projects/Rails_Engine/rails_engine/spec/requests/api/v1/invoices/invoice_record_spec.rb": [
        1,
        null,
        1,
        1,
        1,
        null,
        1,
        null,
        1,
        null,
        1,
        null,
        1,
        null,
        null,
        1,
        1,
        null,
        1,
        null,
        1,
        null,
        1,
        null,
        1,
        1,
        1,
        null,
        null,
        1,
        1,
        null,
        1,
        null,
        1,
        null,
        1,
        null,
        1,
        null,
        null,
        1,
        1,
        null,
        1,
        null,
        1,
        null,
        1,
        null,
        1,
        null,
        null,
        1,
        1,
        null,
        null,
        1,
        null,
        1,
        null,
        1,
        null,
        1,
        null,
        null,
        1,
        1,
        null,
        null,
        1,
        null,
        1,
        null,
        1,
        null,
        1,
        null,
        null,
        1,
        1,
        null,
        null,
        1,
        null,
        1,
        null,
        1,
        null,
        1,
        null,
        null,
        1,
        1,
        1,
        null,
        null,
        1,
        null,
        1,
        null,
        1,
        1,
        1,
        1,
        1,
        null,
        null,
        1,
        null,
        1,
        1,
        1,
        null,
        1,
        null,
        1,
        null,
        1,
        1,
        1,
        1,
        null,
        null,
        1,
        1,
        null,
        1,
        null,
        null,
        1,
        null,
        1,
        null,
        1,
        1,
        1,
        1,
        null,
        null,
        1,
        1,
        null,
        1,
        null,
        null,
        1,
        null,
        1,
        null,
        1,
        1,
        1,
        1,
        null,
        null,
        1,
        1,
        null,
        1,
        null,
        null,
        null,
        1,
        null,
        1,
        null,
        1,
        1,
        1,
        1,
        null,
        null,
        1,
        1,
        null,
        1,
        null,
        null,
        null,
        1,
        null,
        1,
        null,
        1,
        1,
        1,
        1,
        null,
        null
      ],
      "/Users/wonderland/Turing/3module/Projects/Rails_Engine/rails_engine/spec/requests/api/v1/invoices/invoice_relationship_spec.rb": [
        1,
        null,
        1,
        1,
        1,
        1,
        1,
        1,
        null,
        1,
        1,
        null,
        null,
        1,
        1,
        1,
        1,
        1,
        null,
        1,
        1,
        null,
        null,
        1,
        1,
        1,
        1,
        1,
        1,
        null,
        1,
        1,
        null,
        null,
        1,
        1,
        1,
        1,
        1,
        null,
        1,
        1,
        null,
        null,
        1,
        1,
        1,
        1,
        1,
        null,
        1,
        1,
        null,
        null
      ],
      "/Users/wonderland/Turing/3module/Projects/Rails_Engine/rails_engine/spec/requests/api/v1/items/item_business_spec.rb": [
        1,
        null,
        1,
        1,
        1,
        1,
        1,
        100,
        null,
        1,
        10,
        null,
        111,
        null,
        null,
        null,
        1,
        null,
        1,
        null,
        1,
        null,
        1,
        1,
        null,
        null
      ],
      "/Users/wonderland/Turing/3module/Projects/Rails_Engine/rails_engine/spec/requests/api/v1/items/item_record_spec.rb": [
        1,
        null,
        null,
        1,
        1,
        1,
        null,
        1,
        null,
        1,
        null,
        1,
        null,
        1,
        null,
        null,
        1,
        1,
        null,
        1,
        null,
        1,
        null,
        1,
        null,
        1,
        1,
        1,
        1,
        1,
        null,
        null,
        1,
        1,
        null,
        1,
        null,
        1,
        null,
        1,
        null,
        1,
        null,
        null,
        1,
        1,
        null,
        1,
        null,
        1,
        null,
        1,
        null,
        1,
        null,
        null,
        1,
        1,
        null,
        1,
        null,
        1,
        null,
        1,
        null,
        1,
        null,
        null,
        1,
        1,
        null,
        null,
        1,
        null,
        1,
        null,
        1,
        null,
        1,
        null,
        null,
        1,
        1,
        null,
        null,
        1,
        null,
        1,
        null,
        1,
        null,
        1,
        null,
        null,
        1,
        1,
        1,
        null,
        null,
        1,
        null,
        1,
        null,
        1,
        1,
        1,
        1,
        1,
        1,
        null,
        null,
        1,
        1,
        null,
        1,
        null,
        null,
        1,
        null,
        1,
        null,
        1,
        1,
        1,
        1,
        null,
        null,
        1,
        1,
        1,
        null,
        1,
        null,
        1,
        null,
        1,
        1,
        1,
        1,
        null,
        null,
        1,
        1,
        null,
        1,
        null,
        null,
        1,
        null,
        1,
        null,
        1,
        1,
        1,
        1,
        null,
        null,
        1,
        1,
        null,
        1,
        null,
        null,
        null,
        1,
        null,
        1,
        null,
        1,
        1,
        1,
        1,
        null,
        null,
        1,
        1,
        null,
        1,
        null,
        null,
        null,
        1,
        null,
        1,
        null,
        1,
        1,
        1,
        1,
        null,
        null,
        1,
        1,
        1,
        null,
        1,
        null,
        1,
        null,
        1,
        1,
        1,
        1,
        null,
        null
      ],
      "/Users/wonderland/Turing/3module/Projects/Rails_Engine/rails_engine/spec/requests/api/v1/items/item_relationship_spec.rb": [
        1,
        null,
        1,
        1,
        1,
        1,
        1,
        1,
        1,
        null,
        1,
        1,
        null,
        null,
        1,
        1,
        1,
        1,
        1,
        1,
        null,
        1,
        1,
        null,
        null
      ],
      "/Users/wonderland/Turing/3module/Projects/Rails_Engine/rails_engine/spec/requests/api/v1/merchants/merchant_business_spec.rb": [
        1,
        null,
        1,
        null,
        1,
        1,
        1,
        1,
        1,
        1,
        1,
        1,
        1,
        null,
        1,
        1,
        null,
        null,
        1,
        1,
        1,
        1,
        1,
        1,
        100,
        null,
        1,
        10,
        null,
        null,
        1,
        110,
        null,
        null,
        111,
        null,
        null,
        null,
        1,
        1,
        null,
        1,
        null,
        1,
        0,
        null,
        null,
        null,
        1,
        0,
        0,
        0,
        null,
        0,
        0,
        null,
        null,
        1,
        0,
        0,
        0,
        0,
        null,
        0,
        0,
        null,
        null
      ],
      "/Users/wonderland/Turing/3module/Projects/Rails_Engine/rails_engine/spec/requests/api/v1/merchants/merchant_record_spec.rb": [
        1,
        null,
        1,
        1,
        1,
        1,
        null,
        1,
        null,
        null,
        1,
        1,
        1,
        null,
        1,
        null,
        null,
        1,
        1,
        1,
        1,
        null,
        1,
        1,
        null,
        null,
        1,
        1,
        1,
        1,
        null,
        1,
        1,
        null,
        null,
        1,
        1,
        null,
        1,
        1,
        null,
        1,
        1,
        null,
        null,
        1,
        1,
        null,
        1,
        1,
        null,
        1,
        1,
        null,
        null,
        1,
        1,
        1,
        1,
        1,
        null,
        1,
        1,
        1,
        null,
        null,
        1,
        1,
        null,
        null,
        null,
        1,
        null,
        null,
        1,
        1,
        null,
        1,
        1,
        1,
        null,
        null,
        1,
        1,
        null,
        null,
        null,
        1,
        null,
        1,
        1,
        null,
        1,
        1,
        1,
        null,
        null,
        1,
        1,
        1,
        1,
        null,
        null,
        1,
        1,
        1,
        1,
        1,
        1,
        null,
        null
      ],
      "/Users/wonderland/Turing/3module/Projects/Rails_Engine/rails_engine/spec/requests/api/v1/merchants/merchant_relationships_spec.rb": [
        1,
        null,
        1,
        1,
        0,
        0,
        0,
        0,
        null,
        0,
        null,
        0,
        null,
        0,
        null,
        0,
        0,
        0,
        null,
        null,
        null,
        1,
        0,
        0,
        0,
        0,
        0,
        null,
        0,
        null,
        0,
        null,
        0,
        null,
        0,
        0,
        0,
        null,
        null
      ],
      "/Users/wonderland/Turing/3module/Projects/Rails_Engine/rails_engine/spec/requests/api/v1/transactions/transaction_business_spec.rb": [
        1,
        null,
        1,
        null,
        null
      ],
      "/Users/wonderland/Turing/3module/Projects/Rails_Engine/rails_engine/spec/requests/api/v1/transactions/transaction_record_spec.rb": [
        1,
        null,
        1,
        1,
        1,
        1,
        null,
        1,
        null,
        null,
        1,
        1,
        1,
        null,
        1,
        null,
        null,
        1,
        1,
        1,
        1,
        null,
        1,
        1,
        null,
        null,
        1,
        1,
        1,
        1,
        1,
        null,
        1,
        1,
        null,
        null,
        1,
        1,
        1,
        1,
        null,
        1,
        1,
        null,
        null,
        1,
        1,
        1,
        1,
        null,
        1,
        1,
        null,
        null,
        1,
        1,
        1,
        1,
        null,
        1,
        1,
        null,
        null,
        1,
        1,
        null,
        1,
        1,
        null,
        1,
        1,
        null,
        null,
        1,
        1,
        null,
        1,
        1,
        null,
        1,
        1,
        null,
        null,
        1,
        1,
        1,
        1,
        1,
        1,
        null,
        1,
        1,
        1,
        null,
        1,
        1,
        1,
        1,
        1,
        1,
        1,
        1,
        null,
        null,
        1,
        1,
        1,
        1,
        1,
        null,
        1,
        1,
        1,
        null,
        null,
        1,
        1,
        1,
        1,
        1,
        null,
        1,
        1,
        1,
        null,
        null,
        1,
        1,
        null,
        null,
        1,
        null,
        1,
        1,
        null,
        1,
        1,
        1,
        null,
        null,
        1,
        1,
        null,
        null,
        1,
        null,
        1,
        1,
        null,
        1,
        1,
        1,
        null,
        null,
        1,
        1,
        1,
        1,
        null,
        1,
        1,
        null,
        1,
        1,
        1,
        null,
        1,
        null,
        null
      ],
      "/Users/wonderland/Turing/3module/Projects/Rails_Engine/rails_engine/spec/requests/api/v1/transactions/transaction_relationship_spec.rb": [
        1,
        null,
        1,
        1,
        1,
        null,
        1,
        null,
        1,
        null,
        1,
        null,
        1,
        null,
        null
      ],
      "/Users/wonderland/Turing/3module/Projects/Rails_Engine/rails_engine/app/controllers/api/v1/customers/customers_controller.rb": [
        1,
        null,
        1,
        1,
        null,
        null,
        1,
        1,
        null,
        null,
        1,
        5,
        null,
        null,
        1,
        4,
        null,
        null,
        1,
        1,
        null,
        null,
        1,
        null,
        1,
        9,
        null,
        null,
        null,
        null,
        null,
        null
      ],
      "/Users/wonderland/Turing/3module/Projects/Rails_Engine/rails_engine/app/controllers/application_controller.rb": [
        1,
        null,
        null,
        null
      ],
      "/Users/wonderland/Turing/3module/Projects/Rails_Engine/rails_engine/app/serializers/customer_serializer.rb": [
        1,
        1,
        null
      ],
      "/Users/wonderland/Turing/3module/Projects/Rails_Engine/rails_engine/app/controllers/api/v1/customers/customers_relationship_controller.rb": [
        1,
        1,
        1,
        null,
        null,
        1,
        1,
        null,
        null,
        null,
        null,
        null,
        null,
        null,
        null
      ],
      "/Users/wonderland/Turing/3module/Projects/Rails_Engine/rails_engine/app/serializers/invoice_serializer.rb": [
        1,
        1,
        null,
        null
      ],
      "/Users/wonderland/Turing/3module/Projects/Rails_Engine/rails_engine/app/serializers/transaction_serializer.rb": [
        1,
        1,
        null
      ],
      "/Users/wonderland/Turing/3module/Projects/Rails_Engine/rails_engine/app/controllers/api/v1/invoice_items/invoice_items_controller.rb": [
        1,
        null,
        1,
        1,
        null,
        null,
        1,
        1,
        null,
        null,
        1,
        7,
        null,
        null,
        1,
        6,
        null,
        null,
        1,
        1,
        null,
        null,
        1,
        null,
        1,
        13,
        null,
        null,
        null,
        null,
        null,
        null,
        null,
        null,
        null
      ],
      "/Users/wonderland/Turing/3module/Projects/Rails_Engine/rails_engine/app/serializers/invoice_item_serializer.rb": [
        1,
        1,
        null,
        1,
        25,
        null,
        null
      ],
      "/Users/wonderland/Turing/3module/Projects/Rails_Engine/rails_engine/app/controllers/api/v1/invoice_items/invoice_items_relationship_controller.rb": [
        1,
        1,
        1,
        null,
        null,
        1,
        1,
        null,
        null,
        null,
        null,
        null,
        null,
        null,
        null
      ],
      "/Users/wonderland/Turing/3module/Projects/Rails_Engine/rails_engine/app/serializers/item_serializer.rb": [
        1,
        1,
        null,
        null,
        1,
        25,
        null,
        null
      ],
      "/Users/wonderland/Turing/3module/Projects/Rails_Engine/rails_engine/app/controllers/api/v1/invoices/invoices_controller.rb": [
        1,
        null,
        1,
        1,
        null,
        null,
        1,
        1,
        null,
        null,
        1,
        5,
        null,
        null,
        1,
        5,
        null,
        null,
        1,
        1,
        null,
        null,
        null,
        null,
        1,
        null,
        1,
        10,
        null,
        null,
        null,
        null,
        null,
        null,
        null
      ],
      "/Users/wonderland/Turing/3module/Projects/Rails_Engine/rails_engine/app/controllers/api/v1/invoices/invoices_relationship_controller.rb": [
        1,
        1,
        1,
        null,
        null,
        1,
        1,
        null,
        null,
        1,
        1,
        null,
        null,
        1,
        1,
        null,
        null,
        1,
        1,
        null,
        null,
        null,
        null,
        null,
        null,
        null,
        null
      ],
      "/Users/wonderland/Turing/3module/Projects/Rails_Engine/rails_engine/app/serializers/merchant_serializer.rb": [
        1,
        1,
        null
      ],
      "/Users/wonderland/Turing/3module/Projects/Rails_Engine/rails_engine/app/controllers/api/v1/items/items_business_controller.rb": [
        1,
        1,
        1,
        null,
        null,
        null,
        null,
        null,
        null,
        null,
        null
      ],
      "/Users/wonderland/Turing/3module/Projects/Rails_Engine/rails_engine/app/controllers/api/v1/items/items_controller.rb": [
        1,
        null,
        1,
        1,
        null,
        null,
        1,
        1,
        null,
        null,
        1,
        5,
        null,
        null,
        1,
        6,
        null,
        null,
        1,
        1,
        null,
        null,
        1,
        null,
        1,
        11,
        null,
        null,
        null,
        null,
        null,
        null,
        null,
        null
      ],
      "/Users/wonderland/Turing/3module/Projects/Rails_Engine/rails_engine/app/controllers/api/v1/items/items_relationship_controller.rb": [
        1,
        1,
        1,
        null,
        null,
        1,
        1,
        null,
        null,
        null,
        null,
        null,
        null,
        null,
        null
      ],
      "/Users/wonderland/Turing/3module/Projects/Rails_Engine/rails_engine/app/controllers/api/v1/merchants/merchants_business_controller.rb": [
        1,
        null,
        1,
        1,
        null,
        null,
        1,
        1,
        null,
        null,
        1,
        0,
        null,
        null,
        null,
        null,
        null,
        null,
        null,
        null,
        null
      ],
      "/Users/wonderland/Turing/3module/Projects/Rails_Engine/rails_engine/app/controllers/api/v1/merchants/merchants_controller.rb": [
        1,
        1,
        1,
        null,
        null,
        1,
        1,
        null,
        null,
        1,
        4,
        null,
        null,
        1,
        3,
        null,
        null,
        1,
        1,
        null,
        null,
        1,
        null,
        1,
        7,
        null,
        null
      ],
      "/Users/wonderland/Turing/3module/Projects/Rails_Engine/rails_engine/app/controllers/api/v1/transactions/transactions_controller.rb": [
        1,
        1,
        1,
        null,
        null,
        1,
        1,
        null,
        null,
        1,
        7,
        null,
        null,
        1,
        6,
        null,
        null,
        1,
        1,
        null,
        null,
        1,
        null,
        1,
        13,
        null,
        null,
        null,
        null,
        null,
        null,
        null,
        null
      ],
      "/Users/wonderland/Turing/3module/Projects/Rails_Engine/rails_engine/app/controllers/api/v1/transactions/transactions_relationship_controller.rb": [
        1,
        1,
        null,
        1,
        null,
        null,
        null,
        null,
        null,
        null,
        null,
        null
      ]
    },
    "timestamp": 1489710030
  }
}
